2018-01-12 06:57:10 +0000  Initial pipeline context: <IDEDistributionProcessingPipelineContext: 0x7fe432bb0a50; archive(resolved)='<IDEArchive: 0x7fe4569798a0>', distributionTask(resolved)='2', distributionMethod(resolved)='<IDEDistributionMethodiOSAppStoreExport: 0x7fe4476b70f0>', team(resolved)='<IDEProvisioningBasicTeam 0x7fe42d1ac980: teamID: 8J34388U6P, teamName: Shenzhen Run De Xian Food Science and Technology Co., Ltd.>'>
	Chain (11, self inclusive):
	<IDEDistributionProcessingPipelineContext: 0x7fe432bb0a50; archive = '<IDEArchive: 0x7fe4569798a0>', distributionMethod='<IDEDistributionMethodiOSAppStoreExport: 0x7fe4476b70f0>', team='<IDEProvisioningBasicTeam 0x7fe42d1ac980: teamID: 8J34388U6P, teamName: Shenzhen Run De Xian Food Science and Technology Co., Ltd.>'>
	<IDEDistributionProcessingPipelineContext: 0x7fe42651a110; archive = '<IDEArchive: 0x7fe4569798a0>', distributionMethod='<IDEDistributionMethodiOSAppStoreExport: 0x7fe4476b70f0>', team='<IDEProvisioningBasicTeam 0x7fe42d1ac980: teamID: 8J34388U6P, teamName: Shenzhen Run De Xian Food Science and Technology Co., Ltd.>'>
	<IDEDistributionContext: 0x7fe44c160b10; archive = '<IDEArchive: 0x7fe4569798a0>', distributionMethod='<IDEDistributionMethodiOSAppStoreExport: 0x7fe4476b70f0>', team='<IDEProvisioningBasicTeam 0x7fe42d1ac980: teamID: 8J34388U6P, teamName: Shenzhen Run De Xian Food Science and Technology Co., Ltd.>'>
	<IDEDistributionContext: 0x7fe4433ceba0; archive = '<IDEArchive: 0x7fe4569798a0>', distributionMethod='<IDEDistributionMethodiOSAppStoreExport: 0x7fe4476b70f0>', team='<IDEProvisioningBasicTeam 0x7fe42d1ac980: teamID: 8J34388U6P, teamName: Shenzhen Run De Xian Food Science and Technology Co., Ltd.>'>
	<IDEDistributionContext: 0x7fe4315766d0; archive = '<IDEArchive: 0x7fe4569798a0>', distributionMethod='<IDEDistributionMethodiOSAppStoreExport: 0x7fe4476b70f0>', team='<IDEProvisioningBasicTeam 0x7fe42d1ac980: teamID: 8J34388U6P, teamName: Shenzhen Run De Xian Food Science and Technology Co., Ltd.>'>
	<IDEDistributionContext: 0x7fe42d11ac50; archive = '<IDEArchive: 0x7fe4569798a0>', distributionMethod='<IDEDistributionMethodiOSAppStoreExport: 0x7fe4476b70f0>', team='<IDEProvisioningBasicTeam 0x7fe42d1ac980: teamID: 8J34388U6P, teamName: Shenzhen Run De Xian Food Science and Technology Co., Ltd.>'>
	<IDEDistributionContext: 0x7fe442f026f0; archive = '<IDEArchive: 0x7fe4569798a0>', distributionMethod='<IDEDistributionMethodiOSAppStoreExport: 0x7fe4476b70f0>', team='<IDEProvisioningBasicTeam 0x7fe42d1ac980: teamID: 8J34388U6P, teamName: Shenzhen Run De Xian Food Science and Technology Co., Ltd.>'>
	<IDEDistributionContext: 0x7fe43f25c4e0; archive = '<IDEArchive: 0x7fe4569798a0>', distributionMethod='<IDEDistributionMethodiOSAppStoreExport: 0x7fe4476b70f0>', team='<IDEProvisioningBasicTeam 0x7fe42d1ac980: teamID: 8J34388U6P, teamName: Shenzhen Run De Xian Food Science and Technology Co., Ltd.>'>
	<IDEDistributionContext: 0x7fe415238a80; archive = '<IDEArchive: 0x7fe4569798a0>', distributionMethod='<IDEDistributionMethodiOSAppStoreExport: 0x7fe4476b70f0>', team='<IDEProvisioningBasicTeam 0x7fe42d1ac980: teamID: 8J34388U6P, teamName: Shenzhen Run De Xian Food Science and Technology Co., Ltd.>'>
	<IDEDistributionContext: 0x7fe426ebc290; archive = '<IDEArchive: 0x7fe4569798a0>', distributionMethod='<IDEDistributionMethodiOSAppStoreExport: 0x7fe4476b70f0>', team='(null)'>
	<IDEDistributionContext: 0x7fe42d0b5050; archive = '<IDEArchive: 0x7fe4569798a0>', distributionMethod='(null)', team='(null)'>
</IDEDistributionProcessingPipelineContext: 0x7fe432bb0a50>
2018-01-12 06:57:10 +0000  Processing step: IDEDistributionCreateDestRootStep
2018-01-12 06:57:11 +0000  Processing step: IDEDistributionCopyItemStep
2018-01-12 06:57:11 +0000  Running /usr/bin/ditto '-V' '/Users/ios-1/Library/Developer/Xcode/Archives/2018-01-12/BluetoothDemo 2018-1-12 14.56.xcarchive/Products/Applications/BluetoothDemo.app' '/var/folders/lr/74n9x3wx57s8p987fzdc2r3h0000gn/T/XcodeDistPipeline.ct7/Root/Payload/BluetoothDemo.app'
2018-01-12 06:57:11 +0000  >>> Copying /Users/ios-1/Library/Developer/Xcode/Archives/2018-01-12/BluetoothDemo 2018-1-12 14.56.xcarchive/Products/Applications/BluetoothDemo.app 
2018-01-12 06:57:11 +0000  
2018-01-12 06:57:11 +0000  copying file ./_CodeSignature/CodeResources ... 
2018-01-12 06:57:11 +0000  16303 bytes for ./_CodeSignature/CodeResources
2018-01-12 06:57:11 +0000  copying file ./archived-expanded-entitlements.xcent ... 
2018-01-12 06:57:11 +0000  380 bytes for ./archived-expanded-entitlements.xcent
copying file ./Assets.car ... 
2018-01-12 06:57:11 +0000  127800 bytes for ./Assets.car
2018-01-12 06:57:11 +0000  copying file ./Base.lproj/LaunchScreen.storyboardc/01J-lp-oVM-view-Ze5-6b-2t3.nib ... 
2018-01-12 06:57:11 +0000  1791 bytes for ./Base.lproj/LaunchScreen.storyboardc/01J-lp-oVM-view-Ze5-6b-2t3.nib
2018-01-12 06:57:11 +0000  copying file ./Base.lproj/LaunchScreen.storyboardc/Info.plist ... 
2018-01-12 06:57:11 +0000  258 bytes for ./Base.lproj/LaunchScreen.storyboardc/Info.plist
2018-01-12 06:57:11 +0000  copying file ./Base.lproj/LaunchScreen.storyboardc/UIViewController-01J-lp-oVM.nib ... 
2018-01-12 06:57:11 +0000  832 bytes for ./Base.lproj/LaunchScreen.storyboardc/UIViewController-01J-lp-oVM.nib
2018-01-12 06:57:11 +0000  copying file ./Base.lproj/Main.storyboardc/BYZ-38-t0r-view-8bC-Xf-vdC~iphone.nib/objects-8.0+.nib ... 
2018-01-12 06:57:11 +0000  1792 bytes for ./Base.lproj/Main.storyboardc/BYZ-38-t0r-view-8bC-Xf-vdC~iphone.nib/objects-8.0+.nib
copying file ./Base.lproj/Main.storyboardc/BYZ-38-t0r-view-8bC-Xf-vdC~iphone.nib/runtime.nib ... 
2018-01-12 06:57:11 +0000  1791 bytes for ./Base.lproj/Main.storyboardc/BYZ-38-t0r-view-8bC-Xf-vdC~iphone.nib/runtime.nib
2018-01-12 06:57:11 +0000  copying file ./Base.lproj/Main.storyboardc/UIViewController-BYZ-38-t0r~iphone.nib/objects-8.0+.nib ... 
2018-01-12 06:57:11 +0000  916 bytes for ./Base.lproj/Main.storyboardc/UIViewController-BYZ-38-t0r~iphone.nib/objects-8.0+.nib
2018-01-12 06:57:11 +0000  copying file ./Base.lproj/Main.storyboardc/UIViewController-BYZ-38-t0r~iphone.nib/runtime.nib ... 
2018-01-12 06:57:11 +0000  916 bytes for ./Base.lproj/Main.storyboardc/UIViewController-BYZ-38-t0r~iphone.nib/runtime.nib
copying file ./Base.lproj/Main~iphone.storyboardc/Info-8.0+.plist ... 
2018-01-12 06:57:11 +0000  258 bytes for ./Base.lproj/Main~iphone.storyboardc/Info-8.0+.plist
copying file ./Base.lproj/Main~iphone.storyboardc/Info.plist ... 
2018-01-12 06:57:11 +0000  258 bytes for ./Base.lproj/Main~iphone.storyboardc/Info.plist
2018-01-12 06:57:11 +0000  copying file ./BluetoothDemo ... 
2018-01-12 06:57:11 +0000  7920144 bytes for ./BluetoothDemo
2018-01-12 06:57:11 +0000  copying file ./BluetoothDemo.momd/BluetoothDemo.mom ... 
2018-01-12 06:57:11 +0000  3863 bytes for ./BluetoothDemo.momd/BluetoothDemo.mom
2018-01-12 06:57:11 +0000  copying file ./BluetoothDemo.momd/BluetoothDemo.omo ... 
2018-01-12 06:57:11 +0000  7704 bytes for ./BluetoothDemo.momd/BluetoothDemo.omo
copying file ./BluetoothDemo.momd/VersionInfo.plist ... 
2018-01-12 06:57:11 +0000  259 bytes for ./BluetoothDemo.momd/VersionInfo.plist
2018-01-12 06:57:11 +0000  copying file ./CardRecordTableViewCell~iphone.nib/objects-8.0+.nib ... 
2018-01-12 06:57:11 +0000  4646 bytes for ./CardRecordTableViewCell~iphone.nib/objects-8.0+.nib
copying file ./CardRecordTableViewCell~iphone.nib/runtime.nib ... 
2018-01-12 06:57:11 +0000  4643 bytes for ./CardRecordTableViewCell~iphone.nib/runtime.nib
2018-01-12 06:57:11 +0000  copying file ./changePhoneViewController~iphone.nib/objects-8.0+.nib ... 
2018-01-12 06:57:11 +0000  5461 bytes for ./changePhoneViewController~iphone.nib/objects-8.0+.nib
copying file ./changePhoneViewController~iphone.nib/runtime.nib ... 
2018-01-12 06:57:11 +0000  5458 bytes for ./changePhoneViewController~iphone.nib/runtime.nib
2018-01-12 06:57:11 +0000  copying file ./embedded.mobileprovision ... 
2018-01-12 06:57:11 +0000  12949 bytes for ./embedded.mobileprovision
2018-01-12 06:57:11 +0000  copying file ./HomeViewController~iphone.nib/objects-8.0+.nib ... 
2018-01-12 06:57:11 +0000  4012 bytes for ./HomeViewController~iphone.nib/objects-8.0+.nib
2018-01-12 06:57:11 +0000  copying file ./HomeViewController~iphone.nib/runtime.nib ... 
2018-01-12 06:57:11 +0000  4001 bytes for ./HomeViewController~iphone.nib/runtime.nib
2018-01-12 06:57:11 +0000  copying file ./Info.plist ... 
1208 bytes for ./Info.plist
copying file ./LoginViewController~iphone.nib/objects-8.0+.nib ... 
2018-01-12 06:57:11 +0000  3202 bytes for ./LoginViewController~iphone.nib/objects-8.0+.nib
copying file ./LoginViewController~iphone.nib/runtime.nib ... 
2018-01-12 06:57:11 +0000  3201 bytes for ./LoginViewController~iphone.nib/runtime.nib
2018-01-12 06:57:11 +0000  copying file ./mydetialTableViewCell~iphone.nib/objects-8.0+.nib ... 
2018-01-12 06:57:11 +0000  3571 bytes for ./mydetialTableViewCell~iphone.nib/objects-8.0+.nib
copying file ./mydetialTableViewCell~iphone.nib/runtime.nib ... 
2018-01-12 06:57:11 +0000  3572 bytes for ./mydetialTableViewCell~iphone.nib/runtime.nib
2018-01-12 06:57:11 +0000  copying file ./myinforTableViewCell~iphone.nib/objects-8.0+.nib ... 
2018-01-12 06:57:11 +0000  4210 bytes for ./myinforTableViewCell~iphone.nib/objects-8.0+.nib
copying file ./myinforTableViewCell~iphone.nib/runtime.nib ... 
2018-01-12 06:57:11 +0000  4203 bytes for ./myinforTableViewCell~iphone.nib/runtime.nib
2018-01-12 06:57:11 +0000  copying file ./myViewController~iphone.nib/objects-8.0+.nib ... 
2018-01-12 06:57:11 +0000  943 bytes for ./myViewController~iphone.nib/objects-8.0+.nib
copying file ./myViewController~iphone.nib/runtime.nib ... 
2018-01-12 06:57:11 +0000  943 bytes for ./myViewController~iphone.nib/runtime.nib
2018-01-12 06:57:11 +0000  copying file ./nologin.mp3 ... 
2018-01-12 06:57:11 +0000  14400 bytes for ./nologin.mp3
2018-01-12 06:57:11 +0000  copying file ./notallowintime.mp3 ... 
2018-01-12 06:57:11 +0000  33984 bytes for ./notallowintime.mp3
2018-01-12 06:57:11 +0000  copying file ./notownerstaff.mp3 ... 
2018-01-12 06:57:11 +0000  23040 bytes for ./notownerstaff.mp3
2018-01-12 06:57:11 +0000  copying file ./payfailed.mp3 ... 
2018-01-12 06:57:11 +0000  24768 bytes for ./payfailed.mp3
copying file ./paysuccess.mp3 ... 
2018-01-12 06:57:11 +0000  17856 bytes for ./paysuccess.mp3
copying file ./PkgInfo ... 
2018-01-12 06:57:11 +0000  8 bytes for ./PkgInfo
2018-01-12 06:57:11 +0000  copying file ./scheduleTableViewCell~iphone.nib/objects-8.0+.nib ... 
2018-01-12 06:57:11 +0000  3721 bytes for ./scheduleTableViewCell~iphone.nib/objects-8.0+.nib
2018-01-12 06:57:11 +0000  copying file ./scheduleTableViewCell~iphone.nib/runtime.nib ... 
2018-01-12 06:57:11 +0000  3729 bytes for ./scheduleTableViewCell~iphone.nib/runtime.nib
copying file ./serverexcepsion.mp3 ... 
2018-01-12 06:57:11 +0000  19008 bytes for ./serverexcepsion.mp3
2018-01-12 06:57:11 +0000  copying file ./shuaCardViewController~iphone.nib/objects-8.0+.nib ... 
2018-01-12 06:57:11 +0000  943 bytes for ./shuaCardViewController~iphone.nib/objects-8.0+.nib
2018-01-12 06:57:11 +0000  copying file ./shuaCardViewController~iphone.nib/runtime.nib ... 
2018-01-12 06:57:11 +0000  943 bytes for ./shuaCardViewController~iphone.nib/runtime.nib
2018-01-12 06:57:11 +0000  copying file ./timesover.mp3 ... 
2018-01-12 06:57:11 +0000  18432 bytes for ./timesover.mp3
2018-01-12 06:57:11 +0000  copying file ./刷卡图标.psd ... 
2018-01-12 06:57:11 +0000  207052 bytes for ./刷卡图标.psd
2018-01-12 06:57:11 +0000  /usr/bin/ditto exited with 0
2018-01-12 06:57:11 +0000  Processing step: IDEDistributionEmbedProfileStep
2018-01-12 06:57:11 +0000  Processing step: IDEDistributionItemRemovalStep
2018-01-12 06:57:11 +0000  Processing step: IDEDistributionAppThinningPlistStep
2018-01-12 06:57:11 +0000  Skipping step: IDEDistributionAppThinningPlistStep because it said so
2018-01-12 06:57:11 +0000  Processing step: IDEDistributionCompileBitcodeStep
2018-01-12 06:57:11 +0000  Skipping step: IDEDistributionCompileBitcodeStep because it said so
2018-01-12 06:57:11 +0000  Processing step: IDEDistributionCodeSlimmingStep
2018-01-12 06:57:12 +0000  Processing step: IDEDistributionCopyBCSymbolMapsStep
2018-01-12 06:57:12 +0000  Running /usr/bin/ditto '-V' '/Users/ios-1/Library/Developer/Xcode/Archives/2018-01-12/BluetoothDemo 2018-1-12 14.56.xcarchive/BCSymbolMaps/6DF1CAE8-CF70-3B1B-A542-80B6A2B653FA.bcsymbolmap' '/var/folders/lr/74n9x3wx57s8p987fzdc2r3h0000gn/T/XcodeDistPipeline.ct7/Root/BCSymbolMaps/6DF1CAE8-CF70-3B1B-A542-80B6A2B653FA.bcsymbolmap'
2018-01-12 06:57:12 +0000  >>> Copying /Users/ios-1/Library/Developer/Xcode/Archives/2018-01-12/BluetoothDemo 2018-1-12 14.56.xcarchive/BCSymbolMaps/6DF1CAE8-CF70-3B1B-A542-80B6A2B653FA.bcsymbolmap 
2018-01-12 06:57:12 +0000  copying file ./6DF1CAE8-CF70-3B1B-A542-80B6A2B653FA.bcsymbolmap ... 
2018-01-12 06:57:12 +0000  210255 bytes for ./6DF1CAE8-CF70-3B1B-A542-80B6A2B653FA.bcsymbolmap
2018-01-12 06:57:12 +0000  /usr/bin/ditto exited with 0
2018-01-12 06:57:12 +0000  Running /usr/bin/ditto '-V' '/Users/ios-1/Library/Developer/Xcode/Archives/2018-01-12/BluetoothDemo 2018-1-12 14.56.xcarchive/BCSymbolMaps/41ADEA22-3C5C-3B5A-8F9B-4AC15EFBFDB7.bcsymbolmap' '/var/folders/lr/74n9x3wx57s8p987fzdc2r3h0000gn/T/XcodeDistPipeline.ct7/Root/BCSymbolMaps/41ADEA22-3C5C-3B5A-8F9B-4AC15EFBFDB7.bcsymbolmap'
2018-01-12 06:57:12 +0000  >>> Copying /Users/ios-1/Library/Developer/Xcode/Archives/2018-01-12/BluetoothDemo 2018-1-12 14.56.xcarchive/BCSymbolMaps/41ADEA22-3C5C-3B5A-8F9B-4AC15EFBFDB7.bcsymbolmap 
2018-01-12 06:57:12 +0000  copying file ./41ADEA22-3C5C-3B5A-8F9B-4AC15EFBFDB7.bcsymbolmap ... 
2018-01-12 06:57:12 +0000  207397 bytes for ./41ADEA22-3C5C-3B5A-8F9B-4AC15EFBFDB7.bcsymbolmap
2018-01-12 06:57:12 +0000  /usr/bin/ditto exited with 0
2018-01-12 06:57:12 +0000  Processing step: IDEDistributionSymbolsStep
2018-01-12 06:57:12 +0000  Excluding symbols for BluetoothDemo.app
2018-01-12 06:57:12 +0000  Processing step: IDEDistributionCopyAppleProvidedContentStep
2018-01-12 06:57:12 +0000  Processing step: IDEDistributionAppThinningStep
2018-01-12 06:57:12 +0000  Skipping step: IDEDistributionAppThinningStep because it said so
2018-01-12 06:57:12 +0000  Processing step: IDEDistributionODRStep
2018-01-12 06:57:12 +0000  Processing step: IDEDistributionStripXattrsStep
2018-01-12 06:57:12 +0000  Running /usr/bin/xattr '-crs' '/var/folders/lr/74n9x3wx57s8p987fzdc2r3h0000gn/T/XcodeDistPipeline.ct7/Root/Payload/BluetoothDemo.app'
2018-01-12 06:57:13 +0000  /usr/bin/xattr exited with 0
2018-01-12 06:57:13 +0000  Processing step: IDEDistributionCodesignStep
2018-01-12 06:57:13 +0000  Applying entitlements delta for <IDEDistributionItem: 0x7fe437a996f0 'com.RunDeXian.Wifipay' '<DVTFilePath:0x7fe43b2dee10:'/Users/ios-1/Library/Developer/Xcode/Archives/2018-01-12/BluetoothDemo 2018-1-12 14.56.xcarchive/Products/Applications/BluetoothDemo.app'>'> from <IDEiCloudEntitlementsProcessor: 0x7fe433eefd40>: {
}
2018-01-12 06:57:13 +0000  Entitlements for <IDEDistributionItem: 0x7fe437a996f0 'com.RunDeXian.Wifipay' '<DVTFilePath:0x7fe43b2dee10:'/Users/ios-1/Library/Developer/Xcode/Archives/2018-01-12/BluetoothDemo 2018-1-12 14.56.xcarchive/Products/Applications/BluetoothDemo.app'>'>: {
    "application-identifier" = "8J34388U6P.com.RunDeXian.Wifipay";
    "beta-reports-active" = 1;
    "com.apple.developer.team-identifier" = 8J34388U6P;
    "get-task-allow" = 0;
    "keychain-access-groups" =     (
        "8J34388U6P.com.RunDeXian.Wifipay"
    );
}
2018-01-12 06:57:13 +0000  Writing entitlements for <IDEDistributionItem: 0x7fe437a996f0 'com.RunDeXian.Wifipay' '<DVTFilePath:0x7fe43b2dee10:'/Users/ios-1/Library/Developer/Xcode/Archives/2018-01-12/BluetoothDemo 2018-1-12 14.56.xcarchive/Products/Applications/BluetoothDemo.app'>'> to: /var/folders/lr/74n9x3wx57s8p987fzdc2r3h0000gn/T/XcodeDistPipeline.ct7/entitlementsb0Gpa2
2018-01-12 06:57:13 +0000  Running /usr/bin/codesign '-vvv' '--force' '--sign' 'E1EB83CA9D2C516A2E7ED55326BBD1AAE03E939D' '--preserve-metadata=identifier,flags' '--entitlements' '/var/folders/lr/74n9x3wx57s8p987fzdc2r3h0000gn/T/XcodeDistPipeline.ct7/entitlementsb0Gpa2' '/var/folders/lr/74n9x3wx57s8p987fzdc2r3h0000gn/T/XcodeDistPipeline.ct7/Root/Payload/BluetoothDemo.app'
2018-01-12 06:57:24 +0000  /var/folders/lr/74n9x3wx57s8p987fzdc2r3h0000gn/T/XcodeDistPipeline.ct7/Root/Payload/BluetoothDemo.app: signed app bundle with Mach-O universal (armv7 arm64) [com.RunDeXian.Wifipay]
2018-01-12 06:57:24 +0000  /usr/bin/codesign exited with 0
2018-01-12 06:57:24 +0000  Processing step: IDEDistributionStreamingZipItemStep
2018-01-12 06:57:24 +0000  Skipping step: IDEDistributionStreamingZipItemStep because it said so
2018-01-12 06:57:24 +0000  Processing step: IDEDistributionCreateIPAStep
2018-01-12 06:57:24 +0000  Running /usr/bin/ditto '-V' '-c' '-k' '--norsrc' '/var/folders/lr/74n9x3wx57s8p987fzdc2r3h0000gn/T/XcodeDistPipeline.ct7/Root' '/var/folders/lr/74n9x3wx57s8p987fzdc2r3h0000gn/T/XcodeDistPipeline.ct7/Packages/BluetoothDemo.ipa'
2018-01-12 06:57:24 +0000  >>> Copying /var/folders/lr/74n9x3wx57s8p987fzdc2r3h0000gn/T/XcodeDistPipeline.ct7/Root 
2018-01-12 06:57:24 +0000  
2018-01-12 06:57:24 +0000  copying file ./BCSymbolMaps/41ADEA22-3C5C-3B5A-8F9B-4AC15EFBFDB7.bcsymbolmap ... 
2018-01-12 06:57:24 +0000  207397 bytes for ./BCSymbolMaps/41ADEA22-3C5C-3B5A-8F9B-4AC15EFBFDB7.bcsymbolmap
copying file ./BCSymbolMaps/6DF1CAE8-CF70-3B1B-A542-80B6A2B653FA.bcsymbolmap ... 
2018-01-12 06:57:24 +0000  210255 bytes for ./BCSymbolMaps/6DF1CAE8-CF70-3B1B-A542-80B6A2B653FA.bcsymbolmap
2018-01-12 06:57:24 +0000  copying file ./Payload/BluetoothDemo.app/_CodeSignature/CodeResources ... 
2018-01-12 06:57:24 +0000  16303 bytes for ./Payload/BluetoothDemo.app/_CodeSignature/CodeResources
2018-01-12 06:57:24 +0000  copying file ./Payload/BluetoothDemo.app/archived-expanded-entitlements.xcent ... 
2018-01-12 06:57:24 +0000  380 bytes for ./Payload/BluetoothDemo.app/archived-expanded-entitlements.xcent
copying file ./Payload/BluetoothDemo.app/Assets.car ... 
2018-01-12 06:57:24 +0000  127800 bytes for ./Payload/BluetoothDemo.app/Assets.car
2018-01-12 06:57:24 +0000  copying file ./Payload/BluetoothDemo.app/Base.lproj/LaunchScreen.storyboardc/01J-lp-oVM-view-Ze5-6b-2t3.nib ... 
2018-01-12 06:57:24 +0000  1791 bytes for ./Payload/BluetoothDemo.app/Base.lproj/LaunchScreen.storyboardc/01J-lp-oVM-view-Ze5-6b-2t3.nib
copying file ./Payload/BluetoothDemo.app/Base.lproj/LaunchScreen.storyboardc/Info.plist ... 
2018-01-12 06:57:24 +0000  258 bytes for ./Payload/BluetoothDemo.app/Base.lproj/LaunchScreen.storyboardc/Info.plist
copying file ./Payload/BluetoothDemo.app/Base.lproj/LaunchScreen.storyboardc/UIViewController-01J-lp-oVM.nib ... 
2018-01-12 06:57:24 +0000  832 bytes for ./Payload/BluetoothDemo.app/Base.lproj/LaunchScreen.storyboardc/UIViewController-01J-lp-oVM.nib
2018-01-12 06:57:24 +0000  copying file ./Payload/BluetoothDemo.app/Base.lproj/Main.storyboardc/BYZ-38-t0r-view-8bC-Xf-vdC~iphone.nib/objects-8.0+.nib ... 
2018-01-12 06:57:24 +0000  1792 bytes for ./Payload/BluetoothDemo.app/Base.lproj/Main.storyboardc/BYZ-38-t0r-view-8bC-Xf-vdC~iphone.nib/objects-8.0+.nib
copying file ./Payload/BluetoothDemo.app/Base.lproj/Main.storyboardc/BYZ-38-t0r-view-8bC-Xf-vdC~iphone.nib/runtime.nib ... 
2018-01-12 06:57:24 +0000  1791 bytes for ./Payload/BluetoothDemo.app/Base.lproj/Main.storyboardc/BYZ-38-t0r-view-8bC-Xf-vdC~iphone.nib/runtime.nib
2018-01-12 06:57:24 +0000  copying file ./Payload/BluetoothDemo.app/Base.lproj/Main.storyboardc/UIViewController-BYZ-38-t0r~iphone.nib/objects-8.0+.nib ... 
2018-01-12 06:57:24 +0000  916 bytes for ./Payload/BluetoothDemo.app/Base.lproj/Main.storyboardc/UIViewController-BYZ-38-t0r~iphone.nib/objects-8.0+.nib
copying file ./Payload/BluetoothDemo.app/Base.lproj/Main.storyboardc/UIViewController-BYZ-38-t0r~iphone.nib/runtime.nib ... 
2018-01-12 06:57:24 +0000  916 bytes for ./Payload/BluetoothDemo.app/Base.lproj/Main.storyboardc/UIViewController-BYZ-38-t0r~iphone.nib/runtime.nib
2018-01-12 06:57:24 +0000  copying file ./Payload/BluetoothDemo.app/Base.lproj/Main~iphone.storyboardc/Info-8.0+.plist ... 
2018-01-12 06:57:24 +0000  258 bytes for ./Payload/BluetoothDemo.app/Base.lproj/Main~iphone.storyboardc/Info-8.0+.plist
copying file ./Payload/BluetoothDemo.app/Base.lproj/Main~iphone.storyboardc/Info.plist ... 
2018-01-12 06:57:24 +0000  258 bytes for ./Payload/BluetoothDemo.app/Base.lproj/Main~iphone.storyboardc/Info.plist
2018-01-12 06:57:24 +0000  copying file ./Payload/BluetoothDemo.app/BluetoothDemo ... 
2018-01-12 06:57:25 +0000  6326080 bytes for ./Payload/BluetoothDemo.app/BluetoothDemo
2018-01-12 06:57:25 +0000  copying file ./Payload/BluetoothDemo.app/BluetoothDemo.momd/BluetoothDemo.mom ... 
2018-01-12 06:57:25 +0000  3863 bytes for ./Payload/BluetoothDemo.app/BluetoothDemo.momd/BluetoothDemo.mom
copying file ./Payload/BluetoothDemo.app/BluetoothDemo.momd/BluetoothDemo.omo ... 
2018-01-12 06:57:25 +0000  7704 bytes for ./Payload/BluetoothDemo.app/BluetoothDemo.momd/BluetoothDemo.omo
copying file ./Payload/BluetoothDemo.app/BluetoothDemo.momd/VersionInfo.plist ... 
2018-01-12 06:57:25 +0000  259 bytes for ./Payload/BluetoothDemo.app/BluetoothDemo.momd/VersionInfo.plist
2018-01-12 06:57:25 +0000  copying file ./Payload/BluetoothDemo.app/CardRecordTableViewCell~iphone.nib/objects-8.0+.nib ... 
2018-01-12 06:57:25 +0000  4646 bytes for ./Payload/BluetoothDemo.app/CardRecordTableViewCell~iphone.nib/objects-8.0+.nib
2018-01-12 06:57:25 +0000  copying file ./Payload/BluetoothDemo.app/CardRecordTableViewCell~iphone.nib/runtime.nib ... 
2018-01-12 06:57:25 +0000  4643 bytes for ./Payload/BluetoothDemo.app/CardRecordTableViewCell~iphone.nib/runtime.nib
2018-01-12 06:57:25 +0000  copying file ./Payload/BluetoothDemo.app/changePhoneViewController~iphone.nib/objects-8.0+.nib ... 
2018-01-12 06:57:25 +0000  5461 bytes for ./Payload/BluetoothDemo.app/changePhoneViewController~iphone.nib/objects-8.0+.nib
copying file ./Payload/BluetoothDemo.app/changePhoneViewController~iphone.nib/runtime.nib ... 
2018-01-12 06:57:25 +0000  5458 bytes for ./Payload/BluetoothDemo.app/changePhoneViewController~iphone.nib/runtime.nib
copying file ./Payload/BluetoothDemo.app/embedded.mobileprovision ... 
2018-01-12 06:57:25 +0000  9736 bytes for ./Payload/BluetoothDemo.app/embedded.mobileprovision
2018-01-12 06:57:25 +0000  copying file ./Payload/BluetoothDemo.app/HomeViewController~iphone.nib/objects-8.0+.nib ... 
2018-01-12 06:57:25 +0000  4012 bytes for ./Payload/BluetoothDemo.app/HomeViewController~iphone.nib/objects-8.0+.nib
copying file ./Payload/BluetoothDemo.app/HomeViewController~iphone.nib/runtime.nib ... 
2018-01-12 06:57:25 +0000  4001 bytes for ./Payload/BluetoothDemo.app/HomeViewController~iphone.nib/runtime.nib
copying file ./Payload/BluetoothDemo.app/Info.plist ... 
1208 bytes for ./Payload/BluetoothDemo.app/Info.plist
copying file ./Payload/BluetoothDemo.app/LoginViewController~iphone.nib/objects-8.0+.nib ... 
2018-01-12 06:57:25 +0000  3202 bytes for ./Payload/BluetoothDemo.app/LoginViewController~iphone.nib/objects-8.0+.nib
copying file ./Payload/BluetoothDemo.app/LoginViewController~iphone.nib/runtime.nib ... 
2018-01-12 06:57:25 +0000  3201 bytes for ./Payload/BluetoothDemo.app/LoginViewController~iphone.nib/runtime.nib
2018-01-12 06:57:25 +0000  copying file ./Payload/BluetoothDemo.app/mydetialTableViewCell~iphone.nib/objects-8.0+.nib ... 
2018-01-12 06:57:25 +0000  3571 bytes for ./Payload/BluetoothDemo.app/mydetialTableViewCell~iphone.nib/objects-8.0+.nib
copying file ./Payload/BluetoothDemo.app/mydetialTableViewCell~iphone.nib/runtime.nib ... 
2018-01-12 06:57:25 +0000  3572 bytes for ./Payload/BluetoothDemo.app/mydetialTableViewCell~iphone.nib/runtime.nib
2018-01-12 06:57:25 +0000  copying file ./Payload/BluetoothDemo.app/myinforTableViewCell~iphone.nib/objects-8.0+.nib ... 
2018-01-12 06:57:25 +0000  4210 bytes for ./Payload/BluetoothDemo.app/myinforTableViewCell~iphone.nib/objects-8.0+.nib
copying file ./Payload/BluetoothDemo.app/myinforTableViewCell~iphone.nib/runtime.nib ... 
2018-01-12 06:57:25 +0000  4203 bytes for ./Payload/BluetoothDemo.app/myinforTableViewCell~iphone.nib/runtime.nib
2018-01-12 06:57:25 +0000  copying file ./Payload/BluetoothDemo.app/myViewController~iphone.nib/objects-8.0+.nib ... 
2018-01-12 06:57:25 +0000  943 bytes for ./Payload/BluetoothDemo.app/myViewController~iphone.nib/objects-8.0+.nib
2018-01-12 06:57:25 +0000  copying file ./Payload/BluetoothDemo.app/myViewController~iphone.nib/runtime.nib ... 
2018-01-12 06:57:25 +0000  943 bytes for ./Payload/BluetoothDemo.app/myViewController~iphone.nib/runtime.nib
copying file ./Payload/BluetoothDemo.app/nologin.mp3 ... 
2018-01-12 06:57:25 +0000  14400 bytes for ./Payload/BluetoothDemo.app/nologin.mp3
copying file ./Payload/BluetoothDemo.app/notallowintime.mp3 ... 
2018-01-12 06:57:25 +0000  33984 bytes for ./Payload/BluetoothDemo.app/notallowintime.mp3
copying file ./Payload/BluetoothDemo.app/notownerstaff.mp3 ... 
2018-01-12 06:57:25 +0000  23040 bytes for ./Payload/BluetoothDemo.app/notownerstaff.mp3
2018-01-12 06:57:25 +0000  copying file ./Payload/BluetoothDemo.app/payfailed.mp3 ... 
2018-01-12 06:57:25 +0000  24768 bytes for ./Payload/BluetoothDemo.app/payfailed.mp3
copying file ./Payload/BluetoothDemo.app/paysuccess.mp3 ... 
2018-01-12 06:57:25 +0000  17856 bytes for ./Payload/BluetoothDemo.app/paysuccess.mp3
copying file ./Payload/BluetoothDemo.app/PkgInfo ... 
2018-01-12 06:57:25 +0000  8 bytes for ./Payload/BluetoothDemo.app/PkgInfo
copying file ./Payload/BluetoothDemo.app/scheduleTableViewCell~iphone.nib/objects-8.0+.nib ... 
2018-01-12 06:57:25 +0000  3721 bytes for ./Payload/BluetoothDemo.app/scheduleTableViewCell~iphone.nib/objects-8.0+.nib
2018-01-12 06:57:25 +0000  copying file ./Payload/BluetoothDemo.app/scheduleTableViewCell~iphone.nib/runtime.nib ... 
2018-01-12 06:57:25 +0000  3729 bytes for ./Payload/BluetoothDemo.app/scheduleTableViewCell~iphone.nib/runtime.nib
2018-01-12 06:57:25 +0000  copying file ./Payload/BluetoothDemo.app/serverexcepsion.mp3 ... 
2018-01-12 06:57:25 +0000  19008 bytes for ./Payload/BluetoothDemo.app/serverexcepsion.mp3
copying file ./Payload/BluetoothDemo.app/shuaCardViewController~iphone.nib/objects-8.0+.nib ... 
2018-01-12 06:57:25 +0000  943 bytes for ./Payload/BluetoothDemo.app/shuaCardViewController~iphone.nib/objects-8.0+.nib
copying file ./Payload/BluetoothDemo.app/shuaCardViewController~iphone.nib/runtime.nib ... 
2018-01-12 06:57:25 +0000  943 bytes for ./Payload/BluetoothDemo.app/shuaCardViewController~iphone.nib/runtime.nib
2018-01-12 06:57:25 +0000  copying file ./Payload/BluetoothDemo.app/timesover.mp3 ... 
2018-01-12 06:57:25 +0000  18432 bytes for ./Payload/BluetoothDemo.app/timesover.mp3
copying file ./Payload/BluetoothDemo.app/刷卡图标.psd ... 
2018-01-12 06:57:25 +0000  207052 bytes for ./Payload/BluetoothDemo.app/刷卡图标.psd
2018-01-12 06:57:26 +0000  /usr/bin/ditto exited with 0
2018-01-12 06:57:26 +0000  Processing step: IDEDistributionCreateManifestStep
2018-01-12 06:57:26 +0000  Skipping step: IDEDistributionCreateManifestStep because it said so
